<?xml version="1.0" encoding="UTF-8"?>
<!-- Generated by org.testng.reporters.JUnitReportReporter -->
<testsuite hostname="amarendra-PC" name="com.learnautomation.selenium.DemoforMaven" tests="1" failures="0" timestamp="5 Aug 2015 12:19:59 GMT" time="0.050" errors="0">
  <testcase name="testMaven" time="0.050" classname="com.learnautomation.selenium.DemoforMaven"/>
</testsuite> <!-- com.learnautomation.selenium.DemoforMaven -->
