<?xml version="1.0" encoding="UTF-8"?>
<!-- Generated by org.testng.reporters.JUnitReportReporter -->
<testsuite hostname="amarendra-PC" name="com.learnautomation.selenium.DemoforMaven" tests="1" failures="0" timestamp="10 Oct 2015 06:31:50 GMT" time="0.078" errors="0">
  <testcase name="testMaven" time="0.078" classname="com.learnautomation.selenium.DemoforMaven"/>
</testsuite> <!-- com.learnautomation.selenium.DemoforMaven -->
