<?xml version="1.0" encoding="UTF-8"?>
<!-- Generated by org.testng.reporters.JUnitReportReporter -->
<testsuite hostname="amarendra-PC" name="com.learnautomation.selenium.Login" tests="1" failures="0" timestamp="7 Aug 2015 10:55:38 GMT" time="42.895" errors="0">
  <testcase name="VeryfiCusttest" time="42.895" classname="com.learnautomation.selenium.Login"/>
</testsuite> <!-- com.learnautomation.selenium.Login -->
