<?xml version="1.0" encoding="UTF-8"?>
<!-- Generated by org.testng.reporters.JUnitReportReporter -->
<testsuite hostname="amarendra-PC" name="com.learnautomation.selenium.TestMaven" tests="1" failures="0" timestamp="7 Aug 2015 10:08:10 GMT" time="0.037" errors="0">
  <testcase name="testMaven" time="0.037" classname="com.learnautomation.selenium.TestMaven"/>
</testsuite> <!-- com.learnautomation.selenium.TestMaven -->
