<?xml version="1.0" encoding="UTF-8"?>
<!-- Generated by org.testng.reporters.JUnitReportReporter -->
<testsuite hostname="amarendra-PC" name="com.learnautomation.selenium.Login" tests="1" failures="0" timestamp="10 Sep 2015 14:11:13 GMT" time="39.308" errors="0">
  <testcase name="VeryfiCusttest" time="39.308" classname="com.learnautomation.selenium.Login"/>
</testsuite> <!-- com.learnautomation.selenium.Login -->
