<?xml version="1.0" encoding="UTF-8"?>
<!-- Generated by org.testng.reporters.JUnitReportReporter -->
<testsuite hostname="amarendra-PC" name="com.learnautomation.selenium.Login" tests="1" failures="0" timestamp="7 Aug 2015 10:39:54 GMT" time="44.043" errors="0">
  <testcase name="VeryfiCusttest" time="44.043" classname="com.learnautomation.selenium.Login"/>
</testsuite> <!-- com.learnautomation.selenium.Login -->
