<?xml version="1.0" encoding="UTF-8"?>
<!-- Generated by org.testng.reporters.JUnitReportReporter -->
<testsuite hostname="amarendra-PC" name="com.learnautomation.selenium.IrctcTrain" tests="1" failures="0" timestamp="11 Aug 2015 16:16:19 GMT" time="38.033" errors="0">
  <testcase name="test1" time="38.033" classname="com.learnautomation.selenium.IrctcTrain"/>
</testsuite> <!-- com.learnautomation.selenium.IrctcTrain -->
