<?xml version="1.0" encoding="UTF-8"?>
<!-- Generated by org.testng.reporters.JUnitReportReporter -->
<testsuite hostname="amarendra-PC" name="com.learnautomation.selenium.IrctcTrain" tests="1" failures="0" timestamp="29 Sep 2015 13:18:43 GMT" time="50.925" errors="0">
  <testcase name="test1" time="50.925" classname="com.learnautomation.selenium.IrctcTrain"/>
</testsuite> <!-- com.learnautomation.selenium.IrctcTrain -->
