<?xml version="1.0" encoding="UTF-8"?>
<!-- Generated by org.testng.reporters.JUnitReportReporter -->
<testsuite hostname="amarendra-PC" name="com.learnautomation.selenium.Login" tests="1" failures="0" timestamp="7 Aug 2015 10:18:43 GMT" time="28.651" errors="0">
  <testcase name="loginTest" time="28.651" classname="com.learnautomation.selenium.Login"/>
</testsuite> <!-- com.learnautomation.selenium.Login -->
